Start testing: May 05 06:03 UTC
----------------------------------------------------------
1/1 Testing: FeatureTests
1/1 Test: FeatureTests
Command: "/workspaces/Number-Guessing-Game/build/test_main"
Directory: /workspaces/Number-Guessing-Game/build
"FeatureTests" start time: May 05 06:03 UTC
Output:
----------------------------------------------------------
Running tests...
Basic test PASSED
Edge test PASSED
Boundary test PASSED
All tests passed.
<end of output>
Test time =   0.01 sec
----------------------------------------------------------
Test Passed.
"FeatureTests" end time: May 05 06:03 UTC
"FeatureTests" time elapsed: 00:00:00
----------------------------------------------------------

End testing: May 05 06:03 UTC
